  Api.cpp
d:\api\api\api\api.cpp(102): warning C4244: '=': 'double'에서 'float'(으)로 변환하면서 데이터가 손실될 수 있습니다.
d:\api\api\api\api.cpp(122): warning C4244: '+=': 'float'에서 'LONG'(으)로 변환하면서 데이터가 손실될 수 있습니다.
d:\api\api\api\api.cpp(506): warning C4244: '=': 'float'에서 'LONG'(으)로 변환하면서 데이터가 손실될 수 있습니다.
d:\api\api\api\api.cpp(507): warning C4244: '=': 'float'에서 'LONG'(으)로 변환하면서 데이터가 손실될 수 있습니다.
d:\api\api\api\api.cpp(728): warning C4244: '인수': 'double'에서 'float'(으)로 변환하면서 데이터가 손실될 수 있습니다.
d:\api\api\api\api.cpp(244): warning C4101: 'hBrush1' :참조되지 않은 지역 변수입니다.
d:\api\api\api\api.cpp(835): warning C4838: 'double'에서 'LONG'(으)로의 변환에는 축소 변환이 필요합니다.
d:\api\api\api\api.cpp(835): warning C4244: '초기화 중': 'double'에서 'LONG'(으)로 변환하면서 데이터가 손실될 수 있습니다.
d:\api\api\api\api.cpp(837): warning C4244: '인수': 'double'에서 'int'(으)로 변환하면서 데이터가 손실될 수 있습니다.
d:\api\api\api\api.cpp(843): warning C4244: '인수': 'double'에서 'int'(으)로 변환하면서 데이터가 손실될 수 있습니다.
d:\api\api\api\api.cpp(850): warning C4244: '=': 'double'에서 'LONG'(으)로 변환하면서 데이터가 손실될 수 있습니다.
d:\api\api\api\api.cpp(851): warning C4244: '=': 'double'에서 'LONG'(으)로 변환하면서 데이터가 손실될 수 있습니다.
d:\api\api\api\api.cpp(878): warning C4244: '=': 'double'에서 'LONG'(으)로 변환하면서 데이터가 손실될 수 있습니다.
d:\api\api\api\api.cpp(906): warning C4244: '=': 'double'에서 'LONG'(으)로 변환하면서 데이터가 손실될 수 있습니다.
d:\api\api\api\api.cpp(949): warning C4244: '초기화 중': 'LONG'에서 'float'(으)로 변환하면서 데이터가 손실될 수 있습니다.
d:\api\api\api\api.cpp(950): warning C4244: '초기화 중': 'LONG'에서 'float'(으)로 변환하면서 데이터가 손실될 수 있습니다.
d:\api\api\api\api.cpp(960): warning C4305: '+=': 'double'에서 'float'(으)로 잘립니다.
d:\api\api\api\api.cpp(962): warning C4305: '-=': 'double'에서 'float'(으)로 잘립니다.
d:\api\api\api\api.cpp(969): warning C4244: '인수': 'double'에서 'float'(으)로 변환하면서 데이터가 손실될 수 있습니다.
d:\api\api\api\api.cpp(971): warning C4244: '인수': 'double'에서 'float'(으)로 변환하면서 데이터가 손실될 수 있습니다.
d:\api\api\api\api.cpp(956): warning C4715: 'CShape::CollisionCircle': 모든 제어 경로에서 값을 반환하지는 않습니다.
d:\api\api\api\api.cpp(124): warning C4715: 'CCircle::CollisionWall': 모든 제어 경로에서 값을 반환하지는 않습니다.
  Api.vcxproj -> D:\api\api\Debug\Api.exe
